Using pre-set license
Built from '2020.3/staging' branch; Version is '2020.3.17f1 (a4537701e4ab) revision 10769271'; Using compiler version '192528614'; Build Type 'Release'
OS: 'Windows 10 Home; OS build 22631.3296; Version 2009; 64bit' Language: 'en' Physical Memory: 7930 MB
BatchMode: 1, IsHumanControllingUs: 0, StartBugReporterOnCrash: 0, Is64bit: 1, IsPro: 0

COMMAND LINE ARGUMENTS:
C:\Program Files\Unity\Hub\Editor\2020.3.17f1\Editor\Unity.exe
-adb2
-batchMode
-noUpm
-name
AssetImportWorker0
-projectPath
C:/Users/Brandon/Documents/School/Computer Science 330/CMPT 330 Midterm
-logFile
Logs/AssetImportWorker0.log
-srvPort
61933
Successfully changed project path to: C:/Users/Brandon/Documents/School/Computer Science 330/CMPT 330 Midterm
C:/Users/Brandon/Documents/School/Computer Science 330/CMPT 330 Midterm
Using Asset Import Pipeline V2.
Refreshing native plugins compatible for Editor in 58.72 ms, found 2 plugins.
Preloading 0 native plugins for Editor in 0.00 ms.
Initialize engine version: 2020.3.17f1 (a4537701e4ab)
[Subsystems] Discovering subsystems at path C:/Program Files/Unity/Hub/Editor/2020.3.17f1/Editor/Data/Resources/UnitySubsystems
[Subsystems] Discovering subsystems at path C:/Users/Brandon/Documents/School/Computer Science 330/CMPT 330 Midterm/Assets
GfxDevice: creating device client; threaded=0
Direct3D:
    Version:  Direct3D 11.0 [level 11.1]
    Renderer: Intel(R) Iris(R) Xe Graphics (ID=0x9a49)
    Vendor:   
    VRAM:     3965 MB
    Driver:   31.0.101.4502
Initialize mono
Mono path[0] = 'C:/Program Files/Unity/Hub/Editor/2020.3.17f1/Editor/Data/Managed'
Mono path[1] = 'C:/Program Files/Unity/Hub/Editor/2020.3.17f1/Editor/Data/MonoBleedingEdge/lib/mono/unityjit'
Mono config path = 'C:/Program Files/Unity/Hub/Editor/2020.3.17f1/Editor/Data/MonoBleedingEdge/etc'
Using monoOptions --debugger-agent=transport=dt_socket,embedding=1,server=y,suspend=n,address=127.0.0.1:56568
Begin MonoManager ReloadAssembly
Registering precompiled unity dll's ...
Register platform support module: C:/Program Files/Unity/Hub/Editor/2020.3.17f1/Editor/Data/PlaybackEngines/WindowsStandaloneSupport/UnityEditor.WindowsStandalone.Extensions.dll
Registered in 0.008159 seconds.
Native extension for WindowsStandalone target not found
Refreshing native plugins compatible for Editor in 33.57 ms, found 2 plugins.
Preloading 0 native plugins for Editor in 0.00 ms.
Mono: successfully reloaded assembly
- Completed reload, in  9.383 seconds
Domain Reload Profiling:
	ReloadAssembly (9384ms)
		BeginReloadAssembly (454ms)
			ExecutionOrderSort (0ms)
			DisableScriptedObjects (0ms)
			BackupInstance (0ms)
			ReleaseScriptingObjects (0ms)
			CreateAndSetChildDomain (11ms)
		EndReloadAssembly (763ms)
			LoadAssemblies (412ms)
			RebuildTransferFunctionScriptingTraits (2ms)
			SetupTypeCache (296ms)
			ReleaseScriptCaches (0ms)
			RebuildScriptCaches (35ms)
			SetupLoadedEditorAssemblies (262ms)
				LogAssemblyErrors (0ms)
				InitializePlatformSupportModulesInManaged (7ms)
				SetLoadedEditorAssemblies (0ms)
				RefreshPlugins (34ms)
				BeforeProcessingInitializeOnLoad (14ms)
				ProcessInitializeOnLoadAttributes (156ms)
				ProcessInitializeOnLoadMethodAttributes (51ms)
				AfterProcessingInitializeOnLoad (0ms)
				EditorAssembliesLoaded (1ms)
			ExecutionOrderSort2 (0ms)
			AwakeInstancesAfterBackupRestoration (0ms)
Platform modules already initialized, skipping
Registering precompiled user dll's ...
Registered in 0.025576 seconds.
Begin MonoManager ReloadAssembly
Native extension for WindowsStandalone target not found
Refreshing native plugins compatible for Editor in 0.42 ms, found 2 plugins.
Preloading 0 native plugins for Editor in 0.00 ms.
Mono: successfully reloaded assembly
- Completed reload, in  2.277 seconds
Domain Reload Profiling:
	ReloadAssembly (2287ms)
		BeginReloadAssembly (582ms)
			ExecutionOrderSort (1ms)
			DisableScriptedObjects (35ms)
			BackupInstance (0ms)
			ReleaseScriptingObjects (0ms)
			CreateAndSetChildDomain (33ms)
		EndReloadAssembly (1602ms)
			LoadAssemblies (192ms)
			RebuildTransferFunctionScriptingTraits (0ms)
			SetupTypeCache (518ms)
			ReleaseScriptCaches (1ms)
			RebuildScriptCaches (49ms)
			SetupLoadedEditorAssemblies (695ms)
				LogAssemblyErrors (0ms)
				InitializePlatformSupportModulesInManaged (7ms)
				SetLoadedEditorAssemblies (1ms)
				RefreshPlugins (1ms)
				BeforeProcessingInitializeOnLoad (97ms)
				ProcessInitializeOnLoadAttributes (559ms)
				ProcessInitializeOnLoadMethodAttributes (16ms)
				AfterProcessingInitializeOnLoad (15ms)
				EditorAssembliesLoaded (0ms)
			ExecutionOrderSort2 (0ms)
			AwakeInstancesAfterBackupRestoration (8ms)
Platform modules already initialized, skipping
========================================================================
Worker process is ready to serve import requests
Launched and connected shader compiler UnityShaderCompiler.exe after 0.26 seconds
Refreshing native plugins compatible for Editor in 0.53 ms, found 2 plugins.
Preloading 0 native plugins for Editor in 0.00 ms.
Unloading 1406 Unused Serialized files (Serialized files now loaded: 0)
System memory in use before: 65.2 MB.
System memory in use after: 65.3 MB.

Unloading 18 unused Assets to reduce memory usage. Loaded Objects now: 1839.
Total: 13.837000 ms (FindLiveObjects: 0.196400 ms CreateObjectMapping: 0.057700 ms MarkObjects: 12.699400 ms  DeleteObjects: 0.880200 ms)

AssetImportParameters requested are different than current active one (requested -> active):
  custom:framework-win-MediaFoundation: 216162199b28c13a410421893ffa2e32 -> 
  custom:video-decoder-ogg-theora: a1e56fd34408186e4bbccfd4996cb3dc -> 
  custom:container-muxer-webm: aa71ff27fc2769a1b78a27578f13a17b -> 
  custom:container-demuxer-webm: 4f35f7cbe854078d1ac9338744f61a02 -> 
  custom:container-demuxer-ogg: 62fdf1f143b41e24485cea50d1cbac27 -> 
  custom:video-encoder-webm-vp8: eb34c28f22e8b96e1ab97ce403110664 -> 
  custom:video-codec-MediaFoundation-h265: 746d11721c4dcdbdad8f713fa42b33f4 -> 
  custom:video-decoder-webm-vp8: 9c59270c3fd7afecdb556c50c9e8de78 -> 
  custom:audio-decoder-ogg-vorbis: bf7c407c2cedff20999df2af8eb42d56 -> 
  custom:audio-encoder-webm-vorbis: bf7c407c2cedff20999df2af8eb42d56 -> 
========================================================================
Received Import Request.
  path: Assets/Tiny Chess Stone Chess Piece/Prefabs/Chess piece/Black Stone King.prefab
  artifactKey: Guid(7e745f9e6c5f96f4ea60c54463617e44) Importer(815301076,1909f56bfc062723c751e8b465ee728b)
Start importing Assets/Tiny Chess Stone Chess Piece/Prefabs/Chess piece/Black Stone King.prefab using Guid(7e745f9e6c5f96f4ea60c54463617e44) Importer(815301076,1909f56bfc062723c751e8b465ee728b)  -> (artifact id: 'ef9f706aefb939a50e82484431789e0d') in 0.667884 seconds 
  Import took 0.677255 seconds .

========================================================================
Received Import Request.
  Time since last request: 0.001112 seconds.
  path: Assets/Tiny Chess Stone Chess Piece/Prefabs/Chess piece/Black Stone Queen.prefab
  artifactKey: Guid(917989983511f0d4d90029c6471236be) Importer(815301076,1909f56bfc062723c751e8b465ee728b)
Start importing Assets/Tiny Chess Stone Chess Piece/Prefabs/Chess piece/Black Stone Queen.prefab using Guid(917989983511f0d4d90029c6471236be) Importer(815301076,1909f56bfc062723c751e8b465ee728b)  -> (artifact id: '7307dda89ba2720783db61799c105f42') in 0.077144 seconds 
  Import took 0.083635 seconds .

========================================================================
Received Import Request.
  Time since last request: 0.000644 seconds.
  path: Assets/Tiny Chess Stone Chess Piece
  artifactKey: Guid(5ce61cad2e5d22349a147d5d886b42ba) Importer(815301076,1909f56bfc062723c751e8b465ee728b)
Start importing Assets/Tiny Chess Stone Chess Piece using Guid(5ce61cad2e5d22349a147d5d886b42ba) Importer(815301076,1909f56bfc062723c751e8b465ee728b)  -> (artifact id: 'b1ba34badbe1e6fb66f9ad6812994d62') in 0.021537 seconds 
  Import took 0.027497 seconds .

========================================================================
Received Import Request.
  Time since last request: 0.000958 seconds.
  path: Assets/Tiny Chess Stone Chess Piece/Prefabs/Chess piece/Black Stone Bishop.prefab
  artifactKey: Guid(c77f218d9ab1f424384acc3b86c56de1) Importer(815301076,1909f56bfc062723c751e8b465ee728b)
Start importing Assets/Tiny Chess Stone Chess Piece/Prefabs/Chess piece/Black Stone Bishop.prefab using Guid(c77f218d9ab1f424384acc3b86c56de1) Importer(815301076,1909f56bfc062723c751e8b465ee728b)  -> (artifact id: '962293bcde94524240029d4fc5f81b50') in 0.051435 seconds 
  Import took 0.058391 seconds .

========================================================================
Received Import Request.
  Time since last request: 0.000549 seconds.
  path: Assets/Tiny Chess Stone Chess Piece/Prefabs/Chess piece/White Stone Pawn.prefab
  artifactKey: Guid(cab5f13ae783c0e47bebde00fd0357a5) Importer(815301076,1909f56bfc062723c751e8b465ee728b)
Start importing Assets/Tiny Chess Stone Chess Piece/Prefabs/Chess piece/White Stone Pawn.prefab using Guid(cab5f13ae783c0e47bebde00fd0357a5) Importer(815301076,1909f56bfc062723c751e8b465ee728b)  -> (artifact id: '1a7f4a36be941ae5070b30ad8df50ea0') in 0.053376 seconds 
  Import took 0.059136 seconds .

========================================================================
Received Import Request.
  Time since last request: 0.000509 seconds.
  path: Assets/Tiny Chess Stone Chess Piece/Prefabs/Chess piece/Black Stone Horse.prefab
  artifactKey: Guid(4957843483d9e93419739a06271621fe) Importer(815301076,1909f56bfc062723c751e8b465ee728b)
Start importing Assets/Tiny Chess Stone Chess Piece/Prefabs/Chess piece/Black Stone Horse.prefab using Guid(4957843483d9e93419739a06271621fe) Importer(815301076,1909f56bfc062723c751e8b465ee728b)  -> (artifact id: '141bdd57df8b752d679699f015f4b33d') in 0.056476 seconds 
  Import took 0.062176 seconds .

========================================================================
Received Import Request.
  Time since last request: 0.000553 seconds.
  path: Assets/Tiny Chess Stone Chess Piece/Prefabs
  artifactKey: Guid(16f9a249ffd7ad74d8ee4895cb7557ed) Importer(815301076,1909f56bfc062723c751e8b465ee728b)
Start importing Assets/Tiny Chess Stone Chess Piece/Prefabs using Guid(16f9a249ffd7ad74d8ee4895cb7557ed) Importer(815301076,1909f56bfc062723c751e8b465ee728b)  -> (artifact id: 'e6182d3a6869695371bd0b3b7b9bb5ab') in 0.015950 seconds 
  Import took 0.021892 seconds .

========================================================================
Received Import Request.
  Time since last request: 0.000593 seconds.
  path: Assets/Tiny Chess Stone Chess Piece/Prefabs/Chess piece/Black Stone Rook.prefab
  artifactKey: Guid(62c53adad025f164292e09c4a5790a77) Importer(815301076,1909f56bfc062723c751e8b465ee728b)
Start importing Assets/Tiny Chess Stone Chess Piece/Prefabs/Chess piece/Black Stone Rook.prefab using Guid(62c53adad025f164292e09c4a5790a77) Importer(815301076,1909f56bfc062723c751e8b465ee728b)  -> (artifact id: '1e9267895403f9cd77d51b7c533f863d') in 0.057164 seconds 
  Import took 0.063508 seconds .

========================================================================
Received Import Request.
  Time since last request: 0.000576 seconds.
  path: Assets/Tiny Chess Stone Chess Piece/Prefabs/Chess piece/White Stone Bishop.prefab
  artifactKey: Guid(9ddda65c1c1654147bbbdbdfcdb4881f) Importer(815301076,1909f56bfc062723c751e8b465ee728b)
Start importing Assets/Tiny Chess Stone Chess Piece/Prefabs/Chess piece/White Stone Bishop.prefab using Guid(9ddda65c1c1654147bbbdbdfcdb4881f) Importer(815301076,1909f56bfc062723c751e8b465ee728b)  -> (artifact id: 'd82f72945d75c448aab6e0789b99fda8') in 0.055250 seconds 
  Import took 0.063272 seconds .

========================================================================
Received Import Request.
  Time since last request: 0.000411 seconds.
  path: Assets/Tiny Chess Stone Chess Piece/Prefabs/Chess piece/White Stone King.prefab
  artifactKey: Guid(279db6381e10dfa4ea1b4074d833bfb8) Importer(815301076,1909f56bfc062723c751e8b465ee728b)
Start importing Assets/Tiny Chess Stone Chess Piece/Prefabs/Chess piece/White Stone King.prefab using Guid(279db6381e10dfa4ea1b4074d833bfb8) Importer(815301076,1909f56bfc062723c751e8b465ee728b)  -> (artifact id: '5a330975f450dc583fe1894c06f99a22') in 0.040629 seconds 
  Import took 0.046058 seconds .

========================================================================
Received Import Request.
  Time since last request: 0.000658 seconds.
  path: Assets/Tiny Chess Stone Chess Piece/Prefabs/Chess piece/White Stone Horse.prefab
  artifactKey: Guid(445932ffe01267d40803b3b1e02ec9ac) Importer(815301076,1909f56bfc062723c751e8b465ee728b)
Start importing Assets/Tiny Chess Stone Chess Piece/Prefabs/Chess piece/White Stone Horse.prefab using Guid(445932ffe01267d40803b3b1e02ec9ac) Importer(815301076,1909f56bfc062723c751e8b465ee728b)  -> (artifact id: 'a47f777c07ed392f004298e4cfe54b1d') in 0.043378 seconds 
  Import took 0.049878 seconds .

========================================================================
Received Import Request.
  Time since last request: 0.000665 seconds.
  path: Assets/Tiny Chess Stone Chess Piece/Prefabs/Chess piece
  artifactKey: Guid(9813f1b5a122f864888d295fd131f8ac) Importer(815301076,1909f56bfc062723c751e8b465ee728b)
Start importing Assets/Tiny Chess Stone Chess Piece/Prefabs/Chess piece using Guid(9813f1b5a122f864888d295fd131f8ac) Importer(815301076,1909f56bfc062723c751e8b465ee728b)  -> (artifact id: 'd63510aa626796a123db1a0767c2a1a4') in 0.011225 seconds 
  Import took 0.017033 seconds .

========================================================================
Received Import Request.
  Time since last request: 0.000402 seconds.
  path: Assets/Tiny Chess Stone Chess Piece/Prefabs/Chess piece/White Stone Queen.prefab
  artifactKey: Guid(03825e973280c7e4788ee0d1339abcd0) Importer(815301076,1909f56bfc062723c751e8b465ee728b)
Start importing Assets/Tiny Chess Stone Chess Piece/Prefabs/Chess piece/White Stone Queen.prefab using Guid(03825e973280c7e4788ee0d1339abcd0) Importer(815301076,1909f56bfc062723c751e8b465ee728b)  -> (artifact id: 'a57d683155842aac76ec8dd329898432') in 0.059462 seconds 
  Import took 0.066175 seconds .

========================================================================
Received Import Request.
  Time since last request: 0.000407 seconds.
  path: Assets/Tiny Chess Stone Chess Piece/Prefabs/Chess piece/White Stone Rook.prefab
  artifactKey: Guid(74c9f8e885fde444d8917ca97c841b4f) Importer(815301076,1909f56bfc062723c751e8b465ee728b)
Start importing Assets/Tiny Chess Stone Chess Piece/Prefabs/Chess piece/White Stone Rook.prefab using Guid(74c9f8e885fde444d8917ca97c841b4f) Importer(815301076,1909f56bfc062723c751e8b465ee728b)  -> (artifact id: '289c64217088e3209320bf83673c4e7d') in 0.045629 seconds 
  Import took 0.051937 seconds .

========================================================================
Received Import Request.
  Time since last request: 0.000582 seconds.
  path: Assets/Tiny Chess Stone Chess Piece/Prefabs/Chess piece/Black Stone Pawn.prefab
  artifactKey: Guid(e0c5356476a49ba449f2789ccdbf2c24) Importer(815301076,1909f56bfc062723c751e8b465ee728b)
Start importing Assets/Tiny Chess Stone Chess Piece/Prefabs/Chess piece/Black Stone Pawn.prefab using Guid(e0c5356476a49ba449f2789ccdbf2c24) Importer(815301076,1909f56bfc062723c751e8b465ee728b)  -> (artifact id: '82fc8148c6007e332217b5cc00c1b790') in 0.048270 seconds 
  Import took 0.053460 seconds .

========================================================================
Received Import Request.
  Time since last request: 78.303327 seconds.
  path: Assets/Tiny Chess Stone Chess Piece/Materials/Sky.mat
  artifactKey: Guid(90e2d87f84827fc4f85cf5df32b4b4c1) Importer(815301076,1909f56bfc062723c751e8b465ee728b)
Start importing Assets/Tiny Chess Stone Chess Piece/Materials/Sky.mat using Guid(90e2d87f84827fc4f85cf5df32b4b4c1) Importer(815301076,1909f56bfc062723c751e8b465ee728b)  -> (artifact id: '5116025a789ecf7b695c7386dbe43f63') in 0.286294 seconds 
  Import took 0.378700 seconds .

========================================================================
Received Import Request.
  Time since last request: 1.129993 seconds.
  path: Assets/Tiny Chess Stone Chess Piece/Materials/Chess Piece/Stoe White Bishop mtl.mat
  artifactKey: Guid(5863acfd08e87b14a92b98067d7164b0) Importer(815301076,1909f56bfc062723c751e8b465ee728b)
Start importing Assets/Tiny Chess Stone Chess Piece/Materials/Chess Piece/Stoe White Bishop mtl.mat using Guid(5863acfd08e87b14a92b98067d7164b0) Importer(815301076,1909f56bfc062723c751e8b465ee728b)  -> (artifact id: '89dfef0d06f9dc301c464f772a93649e') in 0.052991 seconds 
  Import took 0.057479 seconds .

========================================================================
Received Import Request.
  Time since last request: 0.000535 seconds.
  path: Assets/Tiny Chess Stone Chess Piece/Materials/Chess Piece/Stone White Rook mtl.mat
  artifactKey: Guid(66b3f1055a75ace4999a1d4c52cb5cc4) Importer(815301076,1909f56bfc062723c751e8b465ee728b)
Start importing Assets/Tiny Chess Stone Chess Piece/Materials/Chess Piece/Stone White Rook mtl.mat using Guid(66b3f1055a75ace4999a1d4c52cb5cc4) Importer(815301076,1909f56bfc062723c751e8b465ee728b)  -> (artifact id: '0cdd8b5a96583ec357c5857ff1672906') in 0.035936 seconds 
  Import took 0.039810 seconds .

========================================================================
Received Import Request.
  Time since last request: 0.000584 seconds.
  path: Assets/Tiny Chess Stone Chess Piece/Materials/Chess Piece
  artifactKey: Guid(ef751a4d6ee5b5445940a88508c49053) Importer(815301076,1909f56bfc062723c751e8b465ee728b)
Start importing Assets/Tiny Chess Stone Chess Piece/Materials/Chess Piece using Guid(ef751a4d6ee5b5445940a88508c49053) Importer(815301076,1909f56bfc062723c751e8b465ee728b)  -> (artifact id: '412b7e340e7473df9cb930590fc610ce') in 0.011244 seconds 
  Import took 0.014214 seconds .

========================================================================
Received Import Request.
  Time since last request: 0.000692 seconds.
  path: Assets/Tiny Chess Stone Chess Piece/Materials/Chess Piece/Stone Black Horse.mat
  artifactKey: Guid(5f3f75b0de9e7b7489c4514770c6e4f1) Importer(815301076,1909f56bfc062723c751e8b465ee728b)
Start importing Assets/Tiny Chess Stone Chess Piece/Materials/Chess Piece/Stone Black Horse.mat using Guid(5f3f75b0de9e7b7489c4514770c6e4f1) Importer(815301076,1909f56bfc062723c751e8b465ee728b)  -> (artifact id: '5c6b838e217582339ef657694ced0cfc') in 0.031992 seconds 
  Import took 0.036144 seconds .

========================================================================
Received Import Request.
  Time since last request: 0.000441 seconds.
  path: Assets/Tiny Chess Stone Chess Piece/Materials/Chess Piece/Ston White Pawn mtl.mat
  artifactKey: Guid(7793977a4000e164a881651e5f6b70c5) Importer(815301076,1909f56bfc062723c751e8b465ee728b)
Start importing Assets/Tiny Chess Stone Chess Piece/Materials/Chess Piece/Ston White Pawn mtl.mat using Guid(7793977a4000e164a881651e5f6b70c5) Importer(815301076,1909f56bfc062723c751e8b465ee728b)  -> (artifact id: '35260e4ea9c43f86973381857e667a7a') in 0.051904 seconds 
  Import took 0.057247 seconds .

========================================================================
Received Import Request.
  Time since last request: 0.000556 seconds.
  path: Assets/Tiny Chess Stone Chess Piece/Materials/Chess Piece/Stone White Queen mtl.mat
  artifactKey: Guid(0505499fac1a4494fa6b9b77fe3a1465) Importer(815301076,1909f56bfc062723c751e8b465ee728b)
Start importing Assets/Tiny Chess Stone Chess Piece/Materials/Chess Piece/Stone White Queen mtl.mat using Guid(0505499fac1a4494fa6b9b77fe3a1465) Importer(815301076,1909f56bfc062723c751e8b465ee728b)  -> (artifact id: 'a7e77de289d9d584dc5cc4ef3d66094a') in 0.042593 seconds 
  Import took 0.047760 seconds .

========================================================================
Received Import Request.
  Time since last request: 0.000714 seconds.
  path: Assets/Tiny Chess Stone Chess Piece/Materials/Chess Piece/Stone White Horse.mat
  artifactKey: Guid(10024ac4ac63e524588ff4324bdb5a16) Importer(815301076,1909f56bfc062723c751e8b465ee728b)
Start importing Assets/Tiny Chess Stone Chess Piece/Materials/Chess Piece/Stone White Horse.mat using Guid(10024ac4ac63e524588ff4324bdb5a16) Importer(815301076,1909f56bfc062723c751e8b465ee728b)  -> (artifact id: '0e4743669a731c7e616b3ccb6d716b7f') in 0.031452 seconds 
  Import took 0.036175 seconds .

========================================================================
Received Import Request.
  Time since last request: 0.000495 seconds.
  path: Assets/Tiny Chess Stone Chess Piece/Materials/Chess Piece/Stone Black Pawn mtl.mat
  artifactKey: Guid(8cb80f9e8daf7dc4b944bac0d8071caf) Importer(815301076,1909f56bfc062723c751e8b465ee728b)
Start importing Assets/Tiny Chess Stone Chess Piece/Materials/Chess Piece/Stone Black Pawn mtl.mat using Guid(8cb80f9e8daf7dc4b944bac0d8071caf) Importer(815301076,1909f56bfc062723c751e8b465ee728b)  -> (artifact id: '806e88231d27eaff6a6509e7a37c9bea') in 0.035667 seconds 
  Import took 0.039350 seconds .

========================================================================
Received Import Request.
  Time since last request: 0.000499 seconds.
  path: Assets/Tiny Chess Stone Chess Piece/Materials/Chess Piece/Stone Black Bishop mtl.mat
  artifactKey: Guid(82f1cada8c3ad3d48a9391abc796d2cf) Importer(815301076,1909f56bfc062723c751e8b465ee728b)
Start importing Assets/Tiny Chess Stone Chess Piece/Materials/Chess Piece/Stone Black Bishop mtl.mat using Guid(82f1cada8c3ad3d48a9391abc796d2cf) Importer(815301076,1909f56bfc062723c751e8b465ee728b)  -> (artifact id: '7b08a5ba76364d0ea907dd10de6c699f') in 0.043645 seconds 
  Import took 0.047581 seconds .

========================================================================
Received Import Request.
  Time since last request: 0.000324 seconds.
  path: Assets/Tiny Chess Stone Chess Piece/Materials/Chess Piece/Stone Black Queen mtl.mat
  artifactKey: Guid(6f5307ecd56f13649863bee010c3d586) Importer(815301076,1909f56bfc062723c751e8b465ee728b)
Start importing Assets/Tiny Chess Stone Chess Piece/Materials/Chess Piece/Stone Black Queen mtl.mat using Guid(6f5307ecd56f13649863bee010c3d586) Importer(815301076,1909f56bfc062723c751e8b465ee728b)  -> (artifact id: '8013abd8bebde90b87c590c440bb1d81') in 0.046746 seconds 
  Import took 0.051569 seconds .

========================================================================
Received Import Request.
  Time since last request: 0.000539 seconds.
  path: Assets/Tiny Chess Stone Chess Piece/Materials/Chess Piece/Stone White King Mtl.mat
  artifactKey: Guid(65450fdfae7b9114582968b07eedc358) Importer(815301076,1909f56bfc062723c751e8b465ee728b)
Start importing Assets/Tiny Chess Stone Chess Piece/Materials/Chess Piece/Stone White King Mtl.mat using Guid(65450fdfae7b9114582968b07eedc358) Importer(815301076,1909f56bfc062723c751e8b465ee728b)  -> (artifact id: 'bf6389c9080a9091ebec145a934a3379') in 0.027904 seconds 
  Import took 0.031720 seconds .

========================================================================
Received Import Request.
  Time since last request: 0.000380 seconds.
  path: Assets/Tiny Chess Stone Chess Piece/Materials/Chess Piece/Stone Black Rook mtl.mat
  artifactKey: Guid(923f508c426fcab498e580bdcfed5e60) Importer(815301076,1909f56bfc062723c751e8b465ee728b)
Start importing Assets/Tiny Chess Stone Chess Piece/Materials/Chess Piece/Stone Black Rook mtl.mat using Guid(923f508c426fcab498e580bdcfed5e60) Importer(815301076,1909f56bfc062723c751e8b465ee728b)  -> (artifact id: 'ea66d36da6a9f6631b13068c86174f3b') in 0.030174 seconds 
  Import took 0.033586 seconds .

========================================================================
Received Import Request.
  Time since last request: 0.000570 seconds.
  path: Assets/Tiny Chess Stone Chess Piece/Materials/Chess Piece/Stone Black King mtl.mat
  artifactKey: Guid(68d4e056fdf83944ea25674e32a844e6) Importer(815301076,1909f56bfc062723c751e8b465ee728b)
Start importing Assets/Tiny Chess Stone Chess Piece/Materials/Chess Piece/Stone Black King mtl.mat using Guid(68d4e056fdf83944ea25674e32a844e6) Importer(815301076,1909f56bfc062723c751e8b465ee728b)  -> (artifact id: '02cbe3b0cae6d03c52414af49afa175f') in 0.046147 seconds 
  Import took 0.050913 seconds .

========================================================================
Received Import Request.
  Time since last request: 4.001244 seconds.
  path: Assets/Tiny Chess Stone Chess Piece/Materials/Environment/Black Flag.mat
  artifactKey: Guid(2156d065a457b084e80f9e488a434e66) Importer(815301076,1909f56bfc062723c751e8b465ee728b)
Start importing Assets/Tiny Chess Stone Chess Piece/Materials/Environment/Black Flag.mat using Guid(2156d065a457b084e80f9e488a434e66) Importer(815301076,1909f56bfc062723c751e8b465ee728b)  -> (artifact id: '2a30aa39b4a5b7373a6e847dfe942ced') in 0.044707 seconds 
  Import took 0.048982 seconds .

========================================================================
Received Import Request.
  Time since last request: 0.000711 seconds.
  path: Assets/Tiny Chess Stone Chess Piece/Materials/Environment/Stone Pillars.mat
  artifactKey: Guid(ae560d04356fc584ca1d457d4b24f57f) Importer(815301076,1909f56bfc062723c751e8b465ee728b)
Start importing Assets/Tiny Chess Stone Chess Piece/Materials/Environment/Stone Pillars.mat using Guid(ae560d04356fc584ca1d457d4b24f57f) Importer(815301076,1909f56bfc062723c751e8b465ee728b)  -> (artifact id: '2cd616ef6f114cda5ddc6ceb38c31bee') in 0.046778 seconds 
  Import took 0.051466 seconds .

========================================================================
Received Import Request.
  Time since last request: 0.000789 seconds.
  path: Assets/Tiny Chess Stone Chess Piece/Materials/Environment/White Flag.mat
  artifactKey: Guid(c19f0fa87db003e47b4affd3bca737b6) Importer(815301076,1909f56bfc062723c751e8b465ee728b)
Start importing Assets/Tiny Chess Stone Chess Piece/Materials/Environment/White Flag.mat using Guid(c19f0fa87db003e47b4affd3bca737b6) Importer(815301076,1909f56bfc062723c751e8b465ee728b)  -> (artifact id: '7ceb37e2b88a2d71e4d373c1104b2227') in 0.046032 seconds 
  Import took 0.052494 seconds .

========================================================================
Received Import Request.
  Time since last request: 0.000703 seconds.
  path: Assets/Tiny Chess Stone Chess Piece/Materials/Environment/Stone Chess Field.mat
  artifactKey: Guid(b0077fdb4a76f33409d0709da8fc37bb) Importer(815301076,1909f56bfc062723c751e8b465ee728b)
Start importing Assets/Tiny Chess Stone Chess Piece/Materials/Environment/Stone Chess Field.mat using Guid(b0077fdb4a76f33409d0709da8fc37bb) Importer(815301076,1909f56bfc062723c751e8b465ee728b)  -> (artifact id: 'f5eee4899c454294a38516be232143a8') in 0.039297 seconds 
  Import took 0.043019 seconds .

========================================================================
Received Import Request.
  Time since last request: 0.000559 seconds.
  path: Assets/Tiny Chess Stone Chess Piece/Materials/Environment/Flagpole.mat
  artifactKey: Guid(8455daedbedd8e945ab71ba07190602e) Importer(815301076,1909f56bfc062723c751e8b465ee728b)
Start importing Assets/Tiny Chess Stone Chess Piece/Materials/Environment/Flagpole.mat using Guid(8455daedbedd8e945ab71ba07190602e) Importer(815301076,1909f56bfc062723c751e8b465ee728b)  -> (artifact id: '3195ac1d95a8fbeb2399fc0ab4637db1') in 0.035810 seconds 
  Import took 0.040395 seconds .

========================================================================
Received Import Request.
  Time since last request: 0.000664 seconds.
  path: Assets/Tiny Chess Stone Chess Piece/Materials/Environment/Stone Bridge.mat
  artifactKey: Guid(7ccfa6040a39dc14286995c5f77b2a2e) Importer(815301076,1909f56bfc062723c751e8b465ee728b)
Start importing Assets/Tiny Chess Stone Chess Piece/Materials/Environment/Stone Bridge.mat using Guid(7ccfa6040a39dc14286995c5f77b2a2e) Importer(815301076,1909f56bfc062723c751e8b465ee728b)  -> (artifact id: 'd858bce47e7ae75c64a253cbe24d6b98') in 0.059786 seconds 
  Import took 0.064406 seconds .

========================================================================
Received Import Request.
  Time since last request: 0.003210 seconds.
  path: Assets/Tiny Chess Stone Chess Piece/Materials/Environment/Stone Bridge.mat
  artifactKey: Guid(7ccfa6040a39dc14286995c5f77b2a2e) Importer(815301076,1909f56bfc062723c751e8b465ee728b)
Start importing Assets/Tiny Chess Stone Chess Piece/Materials/Environment/Stone Bridge.mat using Guid(7ccfa6040a39dc14286995c5f77b2a2e) Importer(815301076,1909f56bfc062723c751e8b465ee728b)  -> (artifact id: 'd858bce47e7ae75c64a253cbe24d6b98') in 0.033165 seconds 
  Import took 0.038504 seconds .

========================================================================
Received Import Request.
  Time since last request: 4.313470 seconds.
  path: Assets/Tiny Chess Stone Chess Piece/Textures
  artifactKey: Guid(1c8d7d44f3d9bc7408a13f302222b7ff) Importer(815301076,1909f56bfc062723c751e8b465ee728b)
Start importing Assets/Tiny Chess Stone Chess Piece/Textures using Guid(1c8d7d44f3d9bc7408a13f302222b7ff) Importer(815301076,1909f56bfc062723c751e8b465ee728b)  -> (artifact id: 'd8164789b8dd08f898a2c912ca6a79be') in 0.013371 seconds 
  Import took 0.018433 seconds .

========================================================================
Received Import Request.
  Time since last request: 2.314940 seconds.
  path: Assets/Tiny Chess Stone Chess Piece/Textures/Chess piece
  artifactKey: Guid(f2d3c802cee7a41448c8f6c583f3fbb5) Importer(815301076,1909f56bfc062723c751e8b465ee728b)
Start importing Assets/Tiny Chess Stone Chess Piece/Textures/Chess piece using Guid(f2d3c802cee7a41448c8f6c583f3fbb5) Importer(815301076,1909f56bfc062723c751e8b465ee728b)  -> (artifact id: '548206912cec8e9575dfe5d29b079be2') in 0.017305 seconds 
  Import took 0.024846 seconds .

========================================================================
Received Import Request.
  Time since last request: 0.000650 seconds.
  path: Assets/Tiny Chess Stone Chess Piece/Textures/Chess piece/White Horse.png
  artifactKey: Guid(7cd6b75de305cce4496fcb151e783c90) Importer(815301076,1909f56bfc062723c751e8b465ee728b)
Start importing Assets/Tiny Chess Stone Chess Piece/Textures/Chess piece/White Horse.png using Guid(7cd6b75de305cce4496fcb151e783c90) Importer(815301076,1909f56bfc062723c751e8b465ee728b)  -> (artifact id: '89091f0ad1c0972da536ee3fcadffeda') in 0.097506 seconds 
  Import took 0.103589 seconds .

========================================================================
Received Import Request.
  Time since last request: 0.000523 seconds.
  path: Assets/Tiny Chess Stone Chess Piece/Textures/Chess piece/White Rook.png
  artifactKey: Guid(5538d01d361a4784493e4a04280204f6) Importer(815301076,1909f56bfc062723c751e8b465ee728b)
Start importing Assets/Tiny Chess Stone Chess Piece/Textures/Chess piece/White Rook.png using Guid(5538d01d361a4784493e4a04280204f6) Importer(815301076,1909f56bfc062723c751e8b465ee728b)  -> (artifact id: '725d30f5e03011796cc0778ecab41c2c') in 0.023307 seconds 
  Import took 0.027727 seconds .

========================================================================
Received Import Request.
  Time since last request: 0.000345 seconds.
  path: Assets/Tiny Chess Stone Chess Piece/Textures/Chess piece/Black Queen.png
  artifactKey: Guid(f2a20f82d7fe88046968c7eb1525d157) Importer(815301076,1909f56bfc062723c751e8b465ee728b)
Start importing Assets/Tiny Chess Stone Chess Piece/Textures/Chess piece/Black Queen.png using Guid(f2a20f82d7fe88046968c7eb1525d157) Importer(815301076,1909f56bfc062723c751e8b465ee728b)  -> (artifact id: '986f191ff41009eeafe31b4b5124876b') in 0.031057 seconds 
  Import took 0.037180 seconds .

========================================================================
Received Import Request.
  Time since last request: 0.000500 seconds.
  path: Assets/Tiny Chess Stone Chess Piece/Textures/Chess piece/White Pawn.png
  artifactKey: Guid(232ad51eb55df95449eb5539d4d244d2) Importer(815301076,1909f56bfc062723c751e8b465ee728b)
Start importing Assets/Tiny Chess Stone Chess Piece/Textures/Chess piece/White Pawn.png using Guid(232ad51eb55df95449eb5539d4d244d2) Importer(815301076,1909f56bfc062723c751e8b465ee728b)  -> (artifact id: '186329ab57f7bd7948a970f93365ecaf') in 0.031563 seconds 
  Import took 0.040001 seconds .

========================================================================
Received Import Request.
  Time since last request: 0.000638 seconds.
  path: Assets/Tiny Chess Stone Chess Piece/Textures/Chess piece/White Bishop.png
  artifactKey: Guid(17da1e46f6cae624e81f85654788bead) Importer(815301076,1909f56bfc062723c751e8b465ee728b)
Start importing Assets/Tiny Chess Stone Chess Piece/Textures/Chess piece/White Bishop.png using Guid(17da1e46f6cae624e81f85654788bead) Importer(815301076,1909f56bfc062723c751e8b465ee728b)  -> (artifact id: '44bf5f8e2b9c8644adefd109c598ec46') in 0.034225 seconds 
  Import took 0.040591 seconds .

========================================================================
Received Import Request.
  Time since last request: 0.000662 seconds.
  path: Assets/Tiny Chess Stone Chess Piece/Textures/Chess piece/Black Bishop.png
  artifactKey: Guid(e4c28783c58dedf4b80fb8413bdc04fb) Importer(815301076,1909f56bfc062723c751e8b465ee728b)
Start importing Assets/Tiny Chess Stone Chess Piece/Textures/Chess piece/Black Bishop.png using Guid(e4c28783c58dedf4b80fb8413bdc04fb) Importer(815301076,1909f56bfc062723c751e8b465ee728b)  -> (artifact id: 'c73d74f84efcd02e2df6738866fc7946') in 0.021915 seconds 
  Import took 0.025449 seconds .

========================================================================
Received Import Request.
  Time since last request: 0.000379 seconds.
  path: Assets/Tiny Chess Stone Chess Piece/Textures/Chess piece/White Queen.png
  artifactKey: Guid(fb856eb446e12df46922200c8ef89751) Importer(815301076,1909f56bfc062723c751e8b465ee728b)
Start importing Assets/Tiny Chess Stone Chess Piece/Textures/Chess piece/White Queen.png using Guid(fb856eb446e12df46922200c8ef89751) Importer(815301076,1909f56bfc062723c751e8b465ee728b)  -> (artifact id: 'dbaaed79c64755a8bd6504c41da7450f') in 0.026907 seconds 
  Import took 0.031021 seconds .

========================================================================
Received Import Request.
  Time since last request: 0.000770 seconds.
  path: Assets/Tiny Chess Stone Chess Piece/Textures/Chess piece/Black Pawn.png
  artifactKey: Guid(1b5608de6519f3b4d8d38b418e754046) Importer(815301076,1909f56bfc062723c751e8b465ee728b)
Start importing Assets/Tiny Chess Stone Chess Piece/Textures/Chess piece/Black Pawn.png using Guid(1b5608de6519f3b4d8d38b418e754046) Importer(815301076,1909f56bfc062723c751e8b465ee728b)  -> (artifact id: '582f132d7296f8a9a9d082cade2b8160') in 0.024919 seconds 
  Import took 0.030918 seconds .

========================================================================
Received Import Request.
  Time since last request: 0.000411 seconds.
  path: Assets/Tiny Chess Stone Chess Piece/Textures/Chess piece/White King.png
  artifactKey: Guid(dfd004011b9dec44388c46d6597967b0) Importer(815301076,1909f56bfc062723c751e8b465ee728b)
Start importing Assets/Tiny Chess Stone Chess Piece/Textures/Chess piece/White King.png using Guid(dfd004011b9dec44388c46d6597967b0) Importer(815301076,1909f56bfc062723c751e8b465ee728b)  -> (artifact id: '6f75d7fb129b624559bcaeea62e29e18') in 0.039304 seconds 
  Import took 0.044973 seconds .

========================================================================
Received Import Request.
  Time since last request: 0.000474 seconds.
  path: Assets/Tiny Chess Stone Chess Piece/Textures/Chess piece/Black Rook.png
  artifactKey: Guid(878df75acbacc154688336403efe0d38) Importer(815301076,1909f56bfc062723c751e8b465ee728b)
Start importing Assets/Tiny Chess Stone Chess Piece/Textures/Chess piece/Black Rook.png using Guid(878df75acbacc154688336403efe0d38) Importer(815301076,1909f56bfc062723c751e8b465ee728b)  -> (artifact id: '5a1f214c7cd60f0327596d984f63f91d') in 0.027371 seconds 
  Import took 0.031184 seconds .

========================================================================
Received Import Request.
  Time since last request: 0.000346 seconds.
  path: Assets/Tiny Chess Stone Chess Piece/Textures/Chess piece/Black King.png
  artifactKey: Guid(cc89bdfc967590745bdca94b3e407a2c) Importer(815301076,1909f56bfc062723c751e8b465ee728b)
Start importing Assets/Tiny Chess Stone Chess Piece/Textures/Chess piece/Black King.png using Guid(cc89bdfc967590745bdca94b3e407a2c) Importer(815301076,1909f56bfc062723c751e8b465ee728b)  -> (artifact id: '40002a2e91090ac708bd632365e27dad') in 0.026101 seconds 
  Import took 0.029414 seconds .

========================================================================
Received Import Request.
  Time since last request: 0.000400 seconds.
  path: Assets/Tiny Chess Stone Chess Piece/Textures/Chess piece/Black Horse.png
  artifactKey: Guid(c08741f46b57fc94db505d392c2d1f98) Importer(815301076,1909f56bfc062723c751e8b465ee728b)
Start importing Assets/Tiny Chess Stone Chess Piece/Textures/Chess piece/Black Horse.png using Guid(c08741f46b57fc94db505d392c2d1f98) Importer(815301076,1909f56bfc062723c751e8b465ee728b)  -> (artifact id: '40e2ae54f745d791f0e20f249f96cf9f') in 0.026978 seconds 
  Import took 0.030275 seconds .

========================================================================
Received Import Request.
  Time since last request: 7.654456 seconds.
  path: Assets/Tiny Chess Stone Chess Piece/Materials
  artifactKey: Guid(81f98c563e682e74b9f88b6681bafbb3) Importer(815301076,1909f56bfc062723c751e8b465ee728b)
Start importing Assets/Tiny Chess Stone Chess Piece/Materials using Guid(81f98c563e682e74b9f88b6681bafbb3) Importer(815301076,1909f56bfc062723c751e8b465ee728b)  -> (artifact id: '90691af7959abe42b561ea106d3af086') in 0.014498 seconds 
  Import took 0.020633 seconds .

========================================================================
Received Import Request.
  Time since last request: 0.002899 seconds.
  path: Assets/Tiny Chess Stone Chess Piece/Materials
  artifactKey: Guid(81f98c563e682e74b9f88b6681bafbb3) Importer(815301076,1909f56bfc062723c751e8b465ee728b)
Start importing Assets/Tiny Chess Stone Chess Piece/Materials using Guid(81f98c563e682e74b9f88b6681bafbb3) Importer(815301076,1909f56bfc062723c751e8b465ee728b)  -> (artifact id: '90691af7959abe42b561ea106d3af086') in 0.013107 seconds 
  Import took 0.021533 seconds .

========================================================================
Received Import Request.
  Time since last request: 0.900536 seconds.
  path: Assets/Tiny Chess Stone Chess Piece/Models
  artifactKey: Guid(01c471416c37f8440ba5384c3a4d72a1) Importer(815301076,1909f56bfc062723c751e8b465ee728b)
Start importing Assets/Tiny Chess Stone Chess Piece/Models using Guid(01c471416c37f8440ba5384c3a4d72a1) Importer(815301076,1909f56bfc062723c751e8b465ee728b)  -> (artifact id: 'c458ef66130e8962daf5242f344640f8') in 0.014172 seconds 
  Import took 0.020218 seconds .

========================================================================
Received Import Request.
  Time since last request: 0.001078 seconds.
  path: Assets/Tiny Chess Stone Chess Piece/Models/Icon.fbx
  artifactKey: Guid(ade0968ef84131941ac2cf798bc7ba39) Importer(815301076,1909f56bfc062723c751e8b465ee728b)
Start importing Assets/Tiny Chess Stone Chess Piece/Models/Icon.fbx using Guid(ade0968ef84131941ac2cf798bc7ba39) Importer(815301076,1909f56bfc062723c751e8b465ee728b)  -> (artifact id: '6077d4c09682fc9e741b831d46bbac07') in 0.243093 seconds 
  Import took 0.247812 seconds .

========================================================================
Received Import Request.
  Time since last request: 1.543337 seconds.
  path: Assets/Tiny Chess Stone Chess Piece/Models/Environment/Flag.fbx
  artifactKey: Guid(e47f5ea0060f880409918ccb8a6137fb) Importer(815301076,1909f56bfc062723c751e8b465ee728b)
Start importing Assets/Tiny Chess Stone Chess Piece/Models/Environment/Flag.fbx using Guid(e47f5ea0060f880409918ccb8a6137fb) Importer(815301076,1909f56bfc062723c751e8b465ee728b)  -> (artifact id: '4785c30b90d35ccdb71fcce84abb89f0') in 0.063673 seconds 
  Import took 0.071575 seconds .

========================================================================
Received Import Request.
  Time since last request: 0.000766 seconds.
  path: Assets/Tiny Chess Stone Chess Piece/Models/Environment/Stone Bridge.fbx
  artifactKey: Guid(7f2e50a301a433a4996d1c113ebc254f) Importer(815301076,1909f56bfc062723c751e8b465ee728b)
Start importing Assets/Tiny Chess Stone Chess Piece/Models/Environment/Stone Bridge.fbx using Guid(7f2e50a301a433a4996d1c113ebc254f) Importer(815301076,1909f56bfc062723c751e8b465ee728b)  -> (artifact id: 'e9b8e95fb086c0e10278e0631189c747') in 0.459606 seconds 
  Import took 0.464466 seconds .

========================================================================
Received Import Request.
  Time since last request: 0.000466 seconds.
  path: Assets/Tiny Chess Stone Chess Piece/Models/Environment/Stone Chess Field.fbx
  artifactKey: Guid(8ccbd806ea23191419e3ad9885f8a421) Importer(815301076,1909f56bfc062723c751e8b465ee728b)
Start importing Assets/Tiny Chess Stone Chess Piece/Models/Environment/Stone Chess Field.fbx using Guid(8ccbd806ea23191419e3ad9885f8a421) Importer(815301076,1909f56bfc062723c751e8b465ee728b)  -> (artifact id: '283c14ab350fd9c91e82c7a6929180d6') in 0.376571 seconds 
  Import took 0.379964 seconds .

========================================================================
Received Import Request.
  Time since last request: 0.000574 seconds.
  path: Assets/Tiny Chess Stone Chess Piece/Models/Environment/Sky.fbx
  artifactKey: Guid(4794d27ad6b98f941b6d8699b9f5d2b9) Importer(815301076,1909f56bfc062723c751e8b465ee728b)
Start importing Assets/Tiny Chess Stone Chess Piece/Models/Environment/Sky.fbx using Guid(4794d27ad6b98f941b6d8699b9f5d2b9) Importer(815301076,1909f56bfc062723c751e8b465ee728b)  -> (artifact id: '739327c945350df4718af8d67aee6ce8') in 0.045847 seconds 
  Import took 0.051451 seconds .

========================================================================
Received Import Request.
  Time since last request: 0.000771 seconds.
  path: Assets/Tiny Chess Stone Chess Piece/Models/Environment/Flagpole.fbx
  artifactKey: Guid(388b1fc9762913c4bb9f114ca05fa42a) Importer(815301076,1909f56bfc062723c751e8b465ee728b)
Start importing Assets/Tiny Chess Stone Chess Piece/Models/Environment/Flagpole.fbx using Guid(388b1fc9762913c4bb9f114ca05fa42a) Importer(815301076,1909f56bfc062723c751e8b465ee728b)  -> (artifact id: '823a2448b967f4e4ff93454c4e54a60c') in 0.051072 seconds 
  Import took 0.056775 seconds .

========================================================================
Received Import Request.
  Time since last request: 0.000715 seconds.
  path: Assets/Tiny Chess Stone Chess Piece/Models/Environment
  artifactKey: Guid(2a11e59f39dd47a469aa59a99b530e78) Importer(815301076,1909f56bfc062723c751e8b465ee728b)
Start importing Assets/Tiny Chess Stone Chess Piece/Models/Environment using Guid(2a11e59f39dd47a469aa59a99b530e78) Importer(815301076,1909f56bfc062723c751e8b465ee728b)  -> (artifact id: '533c113aedc8d7162b85082153b74efe') in 0.013026 seconds 
  Import took 0.017996 seconds .

========================================================================
Received Import Request.
  Time since last request: 0.000640 seconds.
  path: Assets/Tiny Chess Stone Chess Piece/Models/Environment/Stone Pillar.fbx
  artifactKey: Guid(7f25befc4ea999b438fb75a6613ed7c3) Importer(815301076,1909f56bfc062723c751e8b465ee728b)
Start importing Assets/Tiny Chess Stone Chess Piece/Models/Environment/Stone Pillar.fbx using Guid(7f25befc4ea999b438fb75a6613ed7c3) Importer(815301076,1909f56bfc062723c751e8b465ee728b)  -> (artifact id: '672f28599101b39a952cecb7c4324b30') in 0.314542 seconds 
  Import took 0.319750 seconds .

========================================================================
Received Import Request.
  Time since last request: 4.441270 seconds.
  path: Assets/Tiny Chess Stone Chess Piece/Models/Chess piece
  artifactKey: Guid(ccf275bf8405e674a9d974a2b5878417) Importer(815301076,1909f56bfc062723c751e8b465ee728b)
Start importing Assets/Tiny Chess Stone Chess Piece/Models/Chess piece using Guid(ccf275bf8405e674a9d974a2b5878417) Importer(815301076,1909f56bfc062723c751e8b465ee728b)  -> (artifact id: '906ed2bf90610eca87952a83216ad101') in 0.013238 seconds 
  Import took 0.017174 seconds .

========================================================================
Received Import Request.
  Time since last request: 0.000368 seconds.
  path: Assets/Tiny Chess Stone Chess Piece/Models/Chess piece/Stone Horse.fbx
  artifactKey: Guid(652accfb16c761542947a6c6b198cc77) Importer(815301076,1909f56bfc062723c751e8b465ee728b)
Start importing Assets/Tiny Chess Stone Chess Piece/Models/Chess piece/Stone Horse.fbx using Guid(652accfb16c761542947a6c6b198cc77) Importer(815301076,1909f56bfc062723c751e8b465ee728b)  -> (artifact id: '9954b2cca2c0b8d4a65b1e73f71224dc') in 0.149706 seconds 
  Import took 0.155855 seconds .

========================================================================
Received Import Request.
  Time since last request: 0.000609 seconds.
  path: Assets/Tiny Chess Stone Chess Piece/Models/Chess piece/Stone Queen.fbx
  artifactKey: Guid(b3d41e7e1269b6841ac8af8ddfe20aae) Importer(815301076,1909f56bfc062723c751e8b465ee728b)
Start importing Assets/Tiny Chess Stone Chess Piece/Models/Chess piece/Stone Queen.fbx using Guid(b3d41e7e1269b6841ac8af8ddfe20aae) Importer(815301076,1909f56bfc062723c751e8b465ee728b)  -> (artifact id: '9269be613ab7730467978b230e4a02a3') in 0.218907 seconds 
  Import took 0.223775 seconds .

========================================================================
Received Import Request.
  Time since last request: 0.000379 seconds.
  path: Assets/Tiny Chess Stone Chess Piece/Models/Chess piece/Stone Rook.fbx
  artifactKey: Guid(261349baf8e8a8847bbf284dacc59201) Importer(815301076,1909f56bfc062723c751e8b465ee728b)
Start importing Assets/Tiny Chess Stone Chess Piece/Models/Chess piece/Stone Rook.fbx using Guid(261349baf8e8a8847bbf284dacc59201) Importer(815301076,1909f56bfc062723c751e8b465ee728b)  -> (artifact id: '9862867e4d8e5b00da34868da11d823d') in 0.145825 seconds 
  Import took 0.149770 seconds .

========================================================================
Received Import Request.
  Time since last request: 0.000360 seconds.
  path: Assets/Tiny Chess Stone Chess Piece/Models/Chess piece/Stone Bishop.fbx
  artifactKey: Guid(9e6073695a19a02438f379f968446795) Importer(815301076,1909f56bfc062723c751e8b465ee728b)
Start importing Assets/Tiny Chess Stone Chess Piece/Models/Chess piece/Stone Bishop.fbx using Guid(9e6073695a19a02438f379f968446795) Importer(815301076,1909f56bfc062723c751e8b465ee728b)  -> (artifact id: '64e7a90267902f80f80198c24d3a06ae') in 0.163346 seconds 
  Import took 0.167905 seconds .

========================================================================
Received Import Request.
  Time since last request: 0.000543 seconds.
  path: Assets/Tiny Chess Stone Chess Piece/Models/Chess piece/Stone Pawn.fbx
  artifactKey: Guid(4f15a7d3e7f0a1e49b63de3d5c8d9c70) Importer(815301076,1909f56bfc062723c751e8b465ee728b)
Start importing Assets/Tiny Chess Stone Chess Piece/Models/Chess piece/Stone Pawn.fbx using Guid(4f15a7d3e7f0a1e49b63de3d5c8d9c70) Importer(815301076,1909f56bfc062723c751e8b465ee728b)  -> (artifact id: '319fa60305c820af26c70c4ab4451df3') in 0.185760 seconds 
  Import took 0.190343 seconds .

========================================================================
Received Import Request.
  Time since last request: 0.000682 seconds.
  path: Assets/Tiny Chess Stone Chess Piece/Models/Chess piece/Stone King.fbx
  artifactKey: Guid(750aa43c40ce13443add8253601d8b0e) Importer(815301076,1909f56bfc062723c751e8b465ee728b)
Start importing Assets/Tiny Chess Stone Chess Piece/Models/Chess piece/Stone King.fbx using Guid(750aa43c40ce13443add8253601d8b0e) Importer(815301076,1909f56bfc062723c751e8b465ee728b)  -> (artifact id: 'b2f7c62a564e2301bc6db37c4f553594') in 0.190405 seconds 
  Import took 0.195544 seconds .

========================================================================
Received Import Request.
  Time since last request: 186.115161 seconds.
  path: Assets/Tiny Chess Stone Chess Piece/Prefabs/Environment/Bridge_Element_1.prefab
  artifactKey: Guid(4070279820fd8cf45abb350380694c52) Importer(815301076,1909f56bfc062723c751e8b465ee728b)
Start importing Assets/Tiny Chess Stone Chess Piece/Prefabs/Environment/Bridge_Element_1.prefab using Guid(4070279820fd8cf45abb350380694c52) Importer(815301076,1909f56bfc062723c751e8b465ee728b)  -> (artifact id: 'b5028e9053149d0e717c8ed15e950538') in 0.299041 seconds 
  Import took 0.320062 seconds .

========================================================================
Received Import Request.
  Time since last request: 0.001577 seconds.
  path: Assets/Tiny Chess Stone Chess Piece/Prefabs/Environment/Stone Pillars Element 5.prefab
  artifactKey: Guid(704b4d82cd5c2d743b532e151cfbdd43) Importer(815301076,1909f56bfc062723c751e8b465ee728b)
Start importing Assets/Tiny Chess Stone Chess Piece/Prefabs/Environment/Stone Pillars Element 5.prefab using Guid(704b4d82cd5c2d743b532e151cfbdd43) Importer(815301076,1909f56bfc062723c751e8b465ee728b)  -> (artifact id: '33cd6d9efbde4051ad7272a348e2cfc7') in 0.108930 seconds 
  Import took 0.114800 seconds .

========================================================================
Received Import Request.
  Time since last request: 0.000694 seconds.
  path: Assets/Tiny Chess Stone Chess Piece/Prefabs/Environment/Stone Pillars Element 8.prefab
  artifactKey: Guid(e13fab2df4718384091479d9973186d1) Importer(815301076,1909f56bfc062723c751e8b465ee728b)
Start importing Assets/Tiny Chess Stone Chess Piece/Prefabs/Environment/Stone Pillars Element 8.prefab using Guid(e13fab2df4718384091479d9973186d1) Importer(815301076,1909f56bfc062723c751e8b465ee728b)  -> (artifact id: '2a6f03be7b649f0fbec25e9a6440d85d') in 0.072530 seconds 
  Import took 0.077310 seconds .

========================================================================
Received Import Request.
  Time since last request: 0.000488 seconds.
  path: Assets/Tiny Chess Stone Chess Piece/Prefabs/Environment/Flagpole Black.prefab
  artifactKey: Guid(0bc4bf91a3a9b19409613bea5318e33c) Importer(815301076,1909f56bfc062723c751e8b465ee728b)
Start importing Assets/Tiny Chess Stone Chess Piece/Prefabs/Environment/Flagpole Black.prefab using Guid(0bc4bf91a3a9b19409613bea5318e33c) Importer(815301076,1909f56bfc062723c751e8b465ee728b)  -> (artifact id: '5f7a34a2bf253443bf208689ca57c525') in 0.047353 seconds 
  Import took 0.051689 seconds .

========================================================================
Received Import Request.
  Time since last request: 0.000354 seconds.
  path: Assets/Tiny Chess Stone Chess Piece/Prefabs/Environment/Stone Pillars Element 11.prefab
  artifactKey: Guid(0e70a9941e0b4ec438e3f06fc4facd22) Importer(815301076,1909f56bfc062723c751e8b465ee728b)
Start importing Assets/Tiny Chess Stone Chess Piece/Prefabs/Environment/Stone Pillars Element 11.prefab using Guid(0e70a9941e0b4ec438e3f06fc4facd22) Importer(815301076,1909f56bfc062723c751e8b465ee728b)  -> (artifact id: '9221bf2be5b1aead486d57bb0ec4c487') in 0.043766 seconds 
  Import took 0.047954 seconds .

========================================================================
Received Import Request.
  Time since last request: 0.000598 seconds.
  path: Assets/Tiny Chess Stone Chess Piece/Prefabs/Environment/Stone Pillars Element 6.prefab
  artifactKey: Guid(b1b305a0406a3a94092c20063bfd9b1e) Importer(815301076,1909f56bfc062723c751e8b465ee728b)
Start importing Assets/Tiny Chess Stone Chess Piece/Prefabs/Environment/Stone Pillars Element 6.prefab using Guid(b1b305a0406a3a94092c20063bfd9b1e) Importer(815301076,1909f56bfc062723c751e8b465ee728b)  -> (artifact id: '75acd30783af0bd620acb64cc9244985') in 0.051884 seconds 
  Import took 0.057779 seconds .

========================================================================
Received Import Request.
  Time since last request: 0.000437 seconds.
  path: Assets/Tiny Chess Stone Chess Piece/Prefabs/Environment/Chess Battlefield 2.prefab
  artifactKey: Guid(c364da1e00b6a954c9da291cba0e718f) Importer(815301076,1909f56bfc062723c751e8b465ee728b)
Start importing Assets/Tiny Chess Stone Chess Piece/Prefabs/Environment/Chess Battlefield 2.prefab using Guid(c364da1e00b6a954c9da291cba0e718f) Importer(815301076,1909f56bfc062723c751e8b465ee728b)  -> (artifact id: '2bae2ae5c53d9df7b4dae570253cff1d') in 0.088145 seconds 
  Import took 0.094241 seconds .

========================================================================
Received Import Request.
  Time since last request: 0.000434 seconds.
  path: Assets/Tiny Chess Stone Chess Piece/Prefabs/Environment/Stone Pillars Element 16.prefab
  artifactKey: Guid(4de21084b9012c1449507cca2e233fa6) Importer(815301076,1909f56bfc062723c751e8b465ee728b)
Start importing Assets/Tiny Chess Stone Chess Piece/Prefabs/Environment/Stone Pillars Element 16.prefab using Guid(4de21084b9012c1449507cca2e233fa6) Importer(815301076,1909f56bfc062723c751e8b465ee728b)  -> (artifact id: 'eab9ddc0c32d75d7f9abfc8ae909a26a') in 0.051273 seconds 
  Import took 0.054406 seconds .

========================================================================
Received Import Request.
  Time since last request: 0.000489 seconds.
  path: Assets/Tiny Chess Stone Chess Piece/Prefabs/Environment/Flagpole White.prefab
  artifactKey: Guid(0bd9b4747be9a8d45a0bc55057116f45) Importer(815301076,1909f56bfc062723c751e8b465ee728b)
Start importing Assets/Tiny Chess Stone Chess Piece/Prefabs/Environment/Flagpole White.prefab using Guid(0bd9b4747be9a8d45a0bc55057116f45) Importer(815301076,1909f56bfc062723c751e8b465ee728b)  -> (artifact id: '8c2da32e2fe97cae914828d209ee4f4c') in 0.052076 seconds 
  Import took 0.058142 seconds .

========================================================================
Received Import Request.
  Time since last request: 0.000429 seconds.
  path: Assets/Tiny Chess Stone Chess Piece/Prefabs/Environment/Stone Pillars Element 9.prefab
  artifactKey: Guid(a5df68ea43042e749af4ea6592a504ce) Importer(815301076,1909f56bfc062723c751e8b465ee728b)
Start importing Assets/Tiny Chess Stone Chess Piece/Prefabs/Environment/Stone Pillars Element 9.prefab using Guid(a5df68ea43042e749af4ea6592a504ce) Importer(815301076,1909f56bfc062723c751e8b465ee728b)  -> (artifact id: '70684818dcd84cb6dc258dff0139bc60') in 0.054807 seconds 
  Import took 0.059405 seconds .

========================================================================
Received Import Request.
  Time since last request: 0.000372 seconds.
  path: Assets/Tiny Chess Stone Chess Piece/Prefabs/Environment
  artifactKey: Guid(e94d379f108f62e4a8f92fd862d24972) Importer(815301076,1909f56bfc062723c751e8b465ee728b)
Start importing Assets/Tiny Chess Stone Chess Piece/Prefabs/Environment using Guid(e94d379f108f62e4a8f92fd862d24972) Importer(815301076,1909f56bfc062723c751e8b465ee728b)  -> (artifact id: 'ecbc98a4c34d3b536f948c39d5d56976') in 0.017376 seconds 
  Import took 0.022816 seconds .

